<?xml version="1.0" encoding="UTF-8"?>
<!-- Generated by org.testng.reporters.JUnitXMLReporter -->
<testsuite hostname="MD1KR87C" ignored="0" name="Default test" tests="1" failures="1" timestamp="21 Aug 2018 08:49:39 GMT" time="48.499" errors="0">
  <testcase name="main" time="24.617" classname="automationTestCases.Chrome_Sub100_Meter_Exch_Wc_1ph">
    <failure type="java.lang.Error" message="Unresolved compilation problem: 
	INSERTID cannot be resolved to a variable
">
      <![CDATA[java.lang.Error: Unresolved compilation problem: 
INSERTID cannot be resolved to a variable

at pageObjectRepositories.CI_Objects_Initial_Polarity_Check_Martindale.cbx_polarity_check_plug_in_test(CI_Objects_Initial_Polarity_Check_Martindale.java:34)
at webModule.CI_Methods_Initial_Polarity_Check_Martindale.addSuccessValuesSub100Wc(CI_Methods_Initial_Polarity_Check_Martindale.java:96)
at automationTestCases.Chrome_Sub100_Meter_Exch_Wc_1ph.main(Chrome_Sub100_Meter_Exch_Wc_1ph.java:145)
at sun.reflect.NativeMethodAccessorImpl.invoke0(Native Method)
at sun.reflect.NativeMethodAccessorImpl.invoke(Unknown Source)
at sun.reflect.DelegatingMethodAccessorImpl.invoke(Unknown Source)
at java.lang.reflect.Method.invoke(Unknown Source)
at org.testng.internal.MethodInvocationHelper.invokeMethod(MethodInvocationHelper.java:124)
at org.testng.internal.Invoker.invokeMethod(Invoker.java:580)
at org.testng.internal.Invoker.invokeTestMethod(Invoker.java:716)
at org.testng.internal.Invoker.invokeTestMethods(Invoker.java:988)
at org.testng.internal.TestMethodWorker.invokeTestMethods(TestMethodWorker.java:125)
at org.testng.internal.TestMethodWorker.run(TestMethodWorker.java:109)
at org.testng.TestRunner.privateRun(TestRunner.java:648)
at org.testng.TestRunner.run(TestRunner.java:505)
at org.testng.SuiteRunner.runTest(SuiteRunner.java:455)
at org.testng.SuiteRunner.runSequentially(SuiteRunner.java:450)
at org.testng.SuiteRunner.privateRun(SuiteRunner.java:415)
at org.testng.SuiteRunner.run(SuiteRunner.java:364)
at org.testng.SuiteRunnerWorker.runSuite(SuiteRunnerWorker.java:52)
at org.testng.SuiteRunnerWorker.run(SuiteRunnerWorker.java:84)
at org.testng.TestNG.runSuitesSequentially(TestNG.java:1208)
at org.testng.TestNG.runSuitesLocally(TestNG.java:1137)
at org.testng.TestNG.runSuites(TestNG.java:1049)
at org.testng.TestNG.run(TestNG.java:1017)
at org.testng.remote.AbstractRemoteTestNG.run(AbstractRemoteTestNG.java:114)
at org.testng.remote.RemoteTestNG.initAndRun(RemoteTestNG.java:251)
at org.testng.remote.RemoteTestNG.main(RemoteTestNG.java:77)
]]>
    </failure>
  </testcase> <!-- main -->
</testsuite> <!-- Default test -->
