<?xml version="1.0" encoding="UTF-8"?>
<testng-results skipped="0" failed="0" ignored="0" total="1" passed="1">
  <reporter-output>
  </reporter-output>
  <suite name="Default suite" duration-ms="444498" started-at="2018-07-03T13:14:41Z" finished-at="2018-07-03T13:22:06Z">
    <groups>
    </groups>
    <test name="Default test" duration-ms="444498" started-at="2018-07-03T13:14:41Z" finished-at="2018-07-03T13:22:06Z">
      <class name="automationTestCases.Asset_Management_Add_Assets_Chrome">
        <test-method status="PASS" signature="beforeMethod()[pri:0, instance:automationTestCases.Asset_Management_Add_Assets_Chrome@29e495ff]" name="beforeMethod" is-config="true" duration-ms="408640" started-at="2018-07-03T13:14:41Z" finished-at="2018-07-03T13:21:30Z">
          <reporter-output>
          </reporter-output>
        </test-method> <!-- beforeMethod -->
        <test-method status="PASS" signature="main()[pri:0, instance:automationTestCases.Asset_Management_Add_Assets_Chrome@29e495ff]" name="main" duration-ms="34332" started-at="2018-07-03T13:21:30Z" finished-at="2018-07-03T13:22:04Z">
          <reporter-output>
          </reporter-output>
        </test-method> <!-- main -->
        <test-method status="PASS" signature="afterMethod()[pri:0, instance:automationTestCases.Asset_Management_Add_Assets_Chrome@29e495ff]" name="afterMethod" is-config="true" duration-ms="1481" started-at="2018-07-03T13:22:04Z" finished-at="2018-07-03T13:22:06Z">
          <reporter-output>
          </reporter-output>
        </test-method> <!-- afterMethod -->
      </class> <!-- automationTestCases.Asset_Management_Add_Assets_Chrome -->
    </test> <!-- Default test -->
  </suite> <!-- Default suite -->
</testng-results>
